<?xml version="1.0" encoding="UTF-8"?>
<!-- Generated by org.testng.reporters.JUnitXMLReporter -->
<testsuite ignored="1" hostname="DESKTOP-4KHCBM1" failures="1" tests="1" name="OpenCartTest" time="23.228" errors="0" timestamp="2023-07-13T17:05:12 EDT">
  <testcase classname="testCases.TC_002_LoginTest" name="test_login" time="14.193">
    <failure type="java.lang.AssertionError" message="INvalid login data expected [true] but found [false]">
      <![CDATA[java.lang.AssertionError: INvalid login data expected [true] but found [false]
at testCases.TC_002_LoginTest.test_login(TC_002_LoginTest.java:37)
at java.base/java.util.ArrayList.forEach(ArrayList.java:1511)
... Removed 30 stack frames]]>
    </failure>
  </testcase> <!-- test_login -->
  <testcase classname="testCases.TC_001_AccountRegistrationTest" name="test_account_registration" time="0.0">
    <ignored/>
  </testcase> <!-- test_account_registration -->
</testsuite> <!-- OpenCartTest -->
